<?xml version="1.0" encoding="UTF-8"?>
<!-- Generated by org.testng.reporters.JUnitReportReporter -->
<testsuite skipped="0" hostname="BDC6-DX-6BYDNK2" name="testmeapp.tests.OnlineShoppingTest" tests="4" failures="0" timestamp="23 Sep 2019 09:05:15 GMT" time="19.016" errors="0">
  <testcase name="testRegistration" time="3.984" classname="testmeapp.tests.OnlineShoppingTest"/>
  <testcase name="testLogin" time="1.350" classname="testmeapp.tests.OnlineShoppingTest"/>
  <testcase name="testCart" time="3.653" classname="testmeapp.tests.OnlineShoppingTest"/>
  <testcase name="testPayment" time="10.029" classname="testmeapp.tests.OnlineShoppingTest"/>
</testsuite> <!-- testmeapp.tests.OnlineShoppingTest -->
